\BOOKMARK [1][-]{section.0}{Introduction}{}% 1
\BOOKMARK [2][-]{subsection.0.1}{Context}{section.0}% 2
\BOOKMARK [2][-]{subsection.0.2}{Do reengineer, do not implement}{section.0}% 3
\BOOKMARK [2][-]{subsection.0.3}{Problem at hand}{section.0}% 4
\BOOKMARK [1][-]{section.1}{Preparation}{}% 5
\BOOKMARK [2][-]{subsection.1.1}{Scope}{section.1}% 6
\BOOKMARK [1][-]{section.2}{Design Recovery}{}% 7
\BOOKMARK [2][-]{subsection.2.1}{Analysis of the current design}{section.2}% 8
\BOOKMARK [1][-]{section.3}{Design}{}% 9
\BOOKMARK [2][-]{subsection.3.1}{The initial idea}{section.3}% 10
\BOOKMARK [3][-]{subsubsection.3.1.1}{Pulling away the shape functionality}{subsection.3.1}% 11
\BOOKMARK [3][-]{subsubsection.3.1.2}{Risks}{subsection.3.1}% 12
\BOOKMARK [2][-]{subsection.3.2}{Other possibilities}{section.3}% 13
\BOOKMARK [1][-]{section.4}{Management}{}% 14
\BOOKMARK [1][-]{section.5}{Restructuring}{}% 15
\BOOKMARK [2][-]{subsection.5.1}{Refactoring}{section.5}% 16
\BOOKMARK [3][-]{subsubsection.5.1.1}{Results - Duplicate Code}{subsection.5.1}% 17
\BOOKMARK [3][-]{subsubsection.5.1.2}{Results - Coverage}{subsection.5.1}% 18
\BOOKMARK [2][-]{subsection.5.2}{Testing}{section.5}% 19
\BOOKMARK [1][-]{section.6}{Conclusion}{}% 20
\BOOKMARK [2][-]{subsection.6.1}{Remarks}{section.6}% 21
\BOOKMARK [2][-]{subsection.6.2}{Notes}{section.6}% 22
\BOOKMARK [3][-]{subsubsection.6.2.1}{Tool Usage}{subsection.6.2}% 23
